# JRE version: OpenJDK Runtime Environment (8.0_242-b01) (build 1.8.0_242-release-1644-b01)
# Java VM: OpenJDK 64-Bit Server VM (25.242-b01 mixed mode windows-amd64 compressed oops)
Heap:
 PSYoungGen      total 456192K, used 314782K [0x00000000d5580000, 0x00000000f4280000, 0x0000000100000000)
  eden space 407552K, 65% used [0x00000000d5580000,0x00000000e596e518,0x00000000ee380000)
  from space 48640K, 99% used [0x00000000ee380000,0x00000000f12f9688,0x00000000f1300000)
  to   space 41984K, 0% used [0x00000000f1980000,0x00000000f1980000,0x00000000f4280000)
 ParOldGen       total 190464K, used 103067K [0x0000000080000000, 0x000000008ba00000, 0x00000000d5580000)
  object space 190464K, 54% used [0x0000000080000000,0x00000000864a6cd0,0x000000008ba00000)
 Metaspace       used 109149K, capacity 114696K, committed 114776K, reserved 1148928K
  class space    used 14089K, capacity 15203K, committed 15232K, reserved 1048576K
GC Heap History (10 events):
Event: 87.262 GC heap before
{Heap before GC invocations=27 (full 3):
 PSYoungGen      total 323584K, used 321630K [0x00000000d5580000, 0x00000000ef580000, 0x0000000100000000)
  eden space 290816K, 100% used [0x00000000d5580000,0x00000000e7180000,0x00000000e7180000)
  from space 32768K, 94% used [0x00000000e7180000,0x00000000e8f978b8,0x00000000e9180000)
  to   space 37376K, 0% used [0x00000000ed100000,0x00000000ed100000,0x00000000ef580000)
 ParOldGen       total 109056K, used 56378K [0x0000000080000000, 0x0000000086a80000, 0x00000000d5580000)
  object space 109056K, 51% used [0x0000000080000000,0x000000008370ea50,0x0000000086a80000)
 Metaspace       used 90910K, capacity 95434K, committed 95576K, reserved 1132544K
  class space    used 11950K, capacity 12810K, committed 12928K, reserved 1048576K
Event: 87.335 GC heap after
Heap after GC invocations=27 (full 3):
 PSYoungGen      total 383488K, used 32479K [0x00000000d5580000, 0x00000000eff80000, 0x0000000100000000)
  eden space 346112K, 0% used [0x00000000d5580000,0x00000000d5580000,0x00000000ea780000)
  from space 37376K, 86% used [0x00000000ed100000,0x00000000ef0b7de8,0x00000000ef580000)
  to   space 42496K, 0% used [0x00000000ea780000,0x00000000ea780000,0x00000000ed100000)
 ParOldGen       total 109056K, used 65819K [0x0000000080000000, 0x0000000086a80000, 0x00000000d5580000)
  object space 109056K, 60% used [0x0000000080000000,0x0000000084046db8,0x0000000086a80000)
 Metaspace       used 90910K, capacity 95434K, committed 95576K, reserved 1132544K
  class space    used 11950K, capacity 12810K, committed 12928K, reserved 1048576K
}
Event: 88.984 GC heap before
{Heap before GC invocations=28 (full 3):
 PSYoungGen      total 383488K, used 218060K [0x00000000d5580000, 0x00000000eff80000, 0x0000000100000000)
  eden space 346112K, 53% used [0x00000000d5580000,0x00000000e0abb2c0,0x00000000ea780000)
  from space 37376K, 86% used [0x00000000ed100000,0x00000000ef0b7de8,0x00000000ef580000)
  to   space 42496K, 0% used [0x00000000ea780000,0x00000000ea780000,0x00000000ed100000)
 ParOldGen       total 109056K, used 65819K [0x0000000080000000, 0x0000000086a80000, 0x00000000d5580000)
  object space 109056K, 60% used [0x0000000080000000,0x0000000084046db8,0x0000000086a80000)
 Metaspace       used 93503K, capacity 98198K, committed 98264K, reserved 1134592K
  class space    used 12349K, capacity 13286K, committed 13312K, reserved 1048576K
Event: 89.074 GC heap after
Heap after GC invocations=28 (full 3):
 PSYoungGen      total 388608K, used 33314K [0x00000000d5580000, 0x00000000f4680000, 0x0000000100000000)
  eden space 346112K, 0% used [0x00000000d5580000,0x00000000d5580000,0x00000000ea780000)
  from space 42496K, 78% used [0x00000000ea780000,0x00000000ec808bb0,0x00000000ed100000)
  to   space 46080K, 0% used [0x00000000f1980000,0x00000000f1980000,0x00000000f4680000)
 ParOldGen       total 109056K, used 75835K [0x0000000080000000, 0x0000000086a80000, 0x00000000d5580000)
  object space 109056K, 69% used [0x0000000080000000,0x0000000084a0ec48,0x0000000086a80000)
 Metaspace       used 93503K, capacity 98198K, committed 98264K, reserved 1134592K
  class space    used 12349K, capacity 13286K, committed 13312K, reserved 1048576K
}
Event: 89.074 GC heap before
{Heap before GC invocations=29 (full 4):
 PSYoungGen      total 388608K, used 33314K [0x00000000d5580000, 0x00000000f4680000, 0x0000000100000000)
  eden space 346112K, 0% used [0x00000000d5580000,0x00000000d5580000,0x00000000ea780000)
  from space 42496K, 78% used [0x00000000ea780000,0x00000000ec808bb0,0x00000000ed100000)
  to   space 46080K, 0% used [0x00000000f1980000,0x00000000f1980000,0x00000000f4680000)
 ParOldGen       total 109056K, used 75835K [0x0000000080000000, 0x0000000086a80000, 0x00000000d5580000)
  object space 109056K, 69% used [0x0000000080000000,0x0000000084a0ec48,0x0000000086a80000)
 Metaspace       used 93503K, capacity 98198K, committed 98264K, reserved 1134592K
  class space    used 12349K, capacity 13286K, committed 13312K, reserved 1048576K
Event: 89.580 GC heap after
Heap after GC invocations=29 (full 4):
 PSYoungGen      total 388608K, used 0K [0x00000000d5580000, 0x00000000f4680000, 0x0000000100000000)
  eden space 346112K, 0% used [0x00000000d5580000,0x00000000d5580000,0x00000000ea780000)
  from space 42496K, 0% used [0x00000000ea780000,0x00000000ea780000,0x00000000ed100000)
  to   space 46080K, 0% used [0x00000000f1980000,0x00000000f1980000,0x00000000f4680000)
 ParOldGen       total 190464K, used 90399K [0x0000000080000000, 0x000000008ba00000, 0x00000000d5580000)
  object space 190464K, 47% used [0x0000000080000000,0x0000000085847f98,0x000000008ba00000)
 Metaspace       used 93303K, capacity 97588K, committed 98264K, reserved 1134592K
  class space    used 12284K, capacity 13147K, committed 13312K, reserved 1048576K
}
Event: 1872.311 GC heap before
{Heap before GC invocations=30 (full 4):
 PSYoungGen      total 388608K, used 346112K [0x00000000d5580000, 0x00000000f4680000, 0x0000000100000000)
  eden space 346112K, 100% used [0x00000000d5580000,0x00000000ea780000,0x00000000ea780000)
  from space 42496K, 0% used [0x00000000ea780000,0x00000000ea780000,0x00000000ed100000)
  to   space 46080K, 0% used [0x00000000f1980000,0x00000000f1980000,0x00000000f4680000)
 ParOldGen       total 190464K, used 90399K [0x0000000080000000, 0x000000008ba00000, 0x00000000d5580000)
  object space 190464K, 47% used [0x0000000080000000,0x0000000085847f98,0x000000008ba00000)
 Metaspace       used 100092K, capacity 104916K, committed 105048K, reserved 1140736K
  class space    used 12934K, capacity 13885K, committed 13952K, reserved 1048576K
Event: 1872.509 GC heap after
Heap after GC invocations=30 (full 4):
 PSYoungGen      total 449536K, used 32019K [0x00000000d5580000, 0x00000000f4280000, 0x0000000100000000)
  eden space 407552K, 0% used [0x00000000d5580000,0x00000000d5580000,0x00000000ee380000)
  from space 41984K, 76% used [0x00000000f1980000,0x00000000f38c4e18,0x00000000f4280000)
  to   space 48640K, 0% used [0x00000000ee380000,0x00000000ee380000,0x00000000f1300000)
 ParOldGen       total 190464K, used 90407K [0x0000000080000000, 0x000000008ba00000, 0x00000000d5580000)
  object space 190464K, 47% used [0x0000000080000000,0x0000000085849f98,0x000000008ba00000)
 Metaspace       used 100092K, capacity 104916K, committed 105048K, reserved 1140736K
  class space    used 12934K, capacity 13885K, committed 13952K, reserved 1048576K
}
Event: 1882.447 GC heap before
{Heap before GC invocations=31 (full 4):
 PSYoungGen      total 449536K, used 439571K [0x00000000d5580000, 0x00000000f4280000, 0x0000000100000000)
  eden space 407552K, 100% used [0x00000000d5580000,0x00000000ee380000,0x00000000ee380000)
  from space 41984K, 76% used [0x00000000f1980000,0x00000000f38c4e18,0x00000000f4280000)
  to   space 48640K, 0% used [0x00000000ee380000,0x00000000ee380000,0x00000000f1300000)
 ParOldGen       total 190464K, used 90407K [0x0000000080000000, 0x000000008ba00000, 0x00000000d5580000)
  object space 190464K, 47% used [0x0000000080000000,0x0000000085849f98,0x000000008ba00000)
 Metaspace       used 108352K, capacity 113832K, committed 114008K, reserved 1148928K
  class space    used 14045K, capacity 15129K, committed 15232K, reserved 1048576K
Event: 1882.636 GC heap after
Heap after GC invocations=31 (full 4):
 PSYoungGen      total 456192K, used 48613K [0x00000000d5580000, 0x00000000f4280000, 0x0000000100000000)
  eden space 407552K, 0% used [0x00000000d5580000,0x00000000d5580000,0x00000000ee380000)
  from space 48640K, 99% used [0x00000000ee380000,0x00000000f12f9688,0x00000000f1300000)
  to   space 41984K, 0% used [0x00000000f1980000,0x00000000f1980000,0x00000000f4280000)
 ParOldGen       total 190464K, used 103067K [0x0000000080000000, 0x000000008ba00000, 0x00000000d5580000)
  object space 190464K, 54% used [0x0000000080000000,0x00000000864a6cd0,0x000000008ba00000)
 Metaspace       used 108352K, capacity 113832K, committed 114008K, reserved 1148928K
  class space    used 14045K, capacity 15129K, committed 15232K, reserved 1048576K
}

