# JRE version: OpenJDK Runtime Environment (8.0_242-b01) (build 1.8.0_242-release-1644-b01)
# Java VM: OpenJDK 64-Bit Server VM (25.242-b01 mixed mode windows-amd64 compressed oops)
Heap:
 PSYoungGen      total 522240K, used 357768K [0x00000000d5580000, 0x00000000f7e00000, 0x0000000100000000)
  eden space 488960K, 73% used [0x00000000d5580000,0x00000000eb2e2140,0x00000000f3300000)
  from space 33280K, 0% used [0x00000000f5d80000,0x00000000f5d80000,0x00000000f7e00000)
  to   space 38400K, 0% used [0x00000000f3300000,0x00000000f3300000,0x00000000f5880000)
 ParOldGen       total 196608K, used 94822K [0x0000000080000000, 0x000000008c000000, 0x00000000d5580000)
  object space 196608K, 48% used [0x0000000080000000,0x0000000085c999b0,0x000000008c000000)
 Metaspace       used 124920K, capacity 131390K, committed 131608K, reserved 1163264K
  class space    used 16245K, capacity 17409K, committed 17448K, reserved 1048576K
GC Heap History (10 events):
Event: 55.145 GC heap before
{Heap before GC invocations=41 (full 4):
 PSYoungGen      total 522240K, used 508104K [0x00000000d5580000, 0x00000000f7e00000, 0x0000000100000000)
  eden space 488960K, 100% used [0x00000000d5580000,0x00000000f3300000,0x00000000f3300000)
  from space 33280K, 57% used [0x00000000f5d80000,0x00000000f7032010,0x00000000f7e00000)
  to   space 38400K, 0% used [0x00000000f3300000,0x00000000f3300000,0x00000000f5880000)
 ParOldGen       total 189440K, used 96519K [0x0000000080000000, 0x000000008b900000, 0x00000000d5580000)
  object space 189440K, 50% used [0x0000000080000000,0x0000000085e41d38,0x000000008b900000)
 Metaspace       used 81910K, capacity 85964K, committed 86424K, reserved 1124352K
  class space    used 11029K, capacity 11751K, committed 11944K, reserved 1048576K
Event: 55.310 GC heap after
Heap after GC invocations=41 (full 4):
 PSYoungGen      total 527360K, used 38387K [0x00000000d5580000, 0x00000000f7e00000, 0x0000000100000000)
  eden space 488960K, 0% used [0x00000000d5580000,0x00000000d5580000,0x00000000f3300000)
  from space 38400K, 99% used [0x00000000f3300000,0x00000000f587cc00,0x00000000f5880000)
  to   space 33280K, 0% used [0x00000000f5d80000,0x00000000f5d80000,0x00000000f7e00000)
 ParOldGen       total 189440K, used 138069K [0x0000000080000000, 0x000000008b900000, 0x00000000d5580000)
  object space 189440K, 72% used [0x0000000080000000,0x00000000886d57c0,0x000000008b900000)
 Metaspace       used 81910K, capacity 85964K, committed 86424K, reserved 1124352K
  class space    used 11029K, capacity 11751K, committed 11944K, reserved 1048576K
}
Event: 212.483 GC heap before
{Heap before GC invocations=42 (full 4):
 PSYoungGen      total 527360K, used 527347K [0x00000000d5580000, 0x00000000f7e00000, 0x0000000100000000)
  eden space 488960K, 100% used [0x00000000d5580000,0x00000000f3300000,0x00000000f3300000)
  from space 38400K, 99% used [0x00000000f3300000,0x00000000f587cc00,0x00000000f5880000)
  to   space 33280K, 0% used [0x00000000f5d80000,0x00000000f5d80000,0x00000000f7e00000)
 ParOldGen       total 189440K, used 138069K [0x0000000080000000, 0x000000008b900000, 0x00000000d5580000)
  object space 189440K, 72% used [0x0000000080000000,0x00000000886d57c0,0x000000008b900000)
 Metaspace       used 87185K, capacity 91746K, committed 91928K, reserved 1128448K
  class space    used 11377K, capacity 12214K, committed 12328K, reserved 1048576K
Event: 212.633 GC heap after
Heap after GC invocations=42 (full 4):
 PSYoungGen      total 522240K, used 33275K [0x00000000d5580000, 0x00000000f7e00000, 0x0000000100000000)
  eden space 488960K, 0% used [0x00000000d5580000,0x00000000d5580000,0x00000000f3300000)
  from space 33280K, 99% used [0x00000000f5d80000,0x00000000f7dfed08,0x00000000f7e00000)
  to   space 38400K, 0% used [0x00000000f3300000,0x00000000f3300000,0x00000000f5880000)
 ParOldGen       total 189440K, used 148684K [0x0000000080000000, 0x000000008b900000, 0x00000000d5580000)
  object space 189440K, 78% used [0x0000000080000000,0x00000000891333a0,0x000000008b900000)
 Metaspace       used 87185K, capacity 91746K, committed 91928K, reserved 1128448K
  class space    used 11377K, capacity 12214K, committed 12328K, reserved 1048576K
}
Event: 508.142 GC heap before
{Heap before GC invocations=43 (full 4):
 PSYoungGen      total 522240K, used 522233K [0x00000000d5580000, 0x00000000f7e00000, 0x0000000100000000)
  eden space 488960K, 99% used [0x00000000d5580000,0x00000000f32ff988,0x00000000f3300000)
  from space 33280K, 99% used [0x00000000f5d80000,0x00000000f7dfed08,0x00000000f7e00000)
  to   space 38400K, 0% used [0x00000000f3300000,0x00000000f3300000,0x00000000f5880000)
 ParOldGen       total 189440K, used 148684K [0x0000000080000000, 0x000000008b900000, 0x00000000d5580000)
  object space 189440K, 78% used [0x0000000080000000,0x00000000891333a0,0x000000008b900000)
 Metaspace       used 92673K, capacity 97618K, committed 97944K, reserved 1134592K
  class space    used 12033K, capacity 12870K, committed 12968K, reserved 1048576K
Event: 508.218 GC heap after
Heap after GC invocations=43 (full 4):
 PSYoungGen      total 527360K, used 38382K [0x00000000d5580000, 0x00000000f7e00000, 0x0000000100000000)
  eden space 488960K, 0% used [0x00000000d5580000,0x00000000d5580000,0x00000000f3300000)
  from space 38400K, 99% used [0x00000000f3300000,0x00000000f587b8a8,0x00000000f5880000)
  to   space 33280K, 0% used [0x00000000f5d80000,0x00000000f5d80000,0x00000000f7e00000)
 ParOldGen       total 189440K, used 156253K [0x0000000080000000, 0x000000008b900000, 0x00000000d5580000)
  object space 189440K, 82% used [0x0000000080000000,0x0000000089897630,0x000000008b900000)
 Metaspace       used 92673K, capacity 97618K, committed 97944K, reserved 1134592K
  class space    used 12033K, capacity 12870K, committed 12968K, reserved 1048576K
}
Event: 552.628 GC heap before
{Heap before GC invocations=44 (full 4):
 PSYoungGen      total 527360K, used 527342K [0x00000000d5580000, 0x00000000f7e00000, 0x0000000100000000)
  eden space 488960K, 100% used [0x00000000d5580000,0x00000000f3300000,0x00000000f3300000)
  from space 38400K, 99% used [0x00000000f3300000,0x00000000f587b8a8,0x00000000f5880000)
  to   space 33280K, 0% used [0x00000000f5d80000,0x00000000f5d80000,0x00000000f7e00000)
 ParOldGen       total 189440K, used 156253K [0x0000000080000000, 0x000000008b900000, 0x00000000d5580000)
  object space 189440K, 82% used [0x0000000080000000,0x0000000089897630,0x000000008b900000)
 Metaspace       used 118860K, capacity 125176K, committed 125208K, reserved 1157120K
  class space    used 15543K, capacity 16659K, committed 16680K, reserved 1048576K
Event: 552.724 GC heap after
Heap after GC invocations=44 (full 4):
 PSYoungGen      total 522240K, used 33252K [0x00000000d5580000, 0x00000000f7e00000, 0x0000000100000000)
  eden space 488960K, 0% used [0x00000000d5580000,0x00000000d5580000,0x00000000f3300000)
  from space 33280K, 99% used [0x00000000f5d80000,0x00000000f7df9000,0x00000000f7e00000)
  to   space 38400K, 0% used [0x00000000f3300000,0x00000000f3300000,0x00000000f5880000)
 ParOldGen       total 196608K, used 196452K [0x0000000080000000, 0x000000008c000000, 0x00000000d5580000)
  object space 196608K, 99% used [0x0000000080000000,0x000000008bfd91d0,0x000000008c000000)
 Metaspace       used 118860K, capacity 125176K, committed 125208K, reserved 1157120K
  class space    used 15543K, capacity 16659K, committed 16680K, reserved 1048576K
}
Event: 552.724 GC heap before
{Heap before GC invocations=45 (full 5):
 PSYoungGen      total 522240K, used 33252K [0x00000000d5580000, 0x00000000f7e00000, 0x0000000100000000)
  eden space 488960K, 0% used [0x00000000d5580000,0x00000000d5580000,0x00000000f3300000)
  from space 33280K, 99% used [0x00000000f5d80000,0x00000000f7df9000,0x00000000f7e00000)
  to   space 38400K, 0% used [0x00000000f3300000,0x00000000f3300000,0x00000000f5880000)
 ParOldGen       total 196608K, used 196452K [0x0000000080000000, 0x000000008c000000, 0x00000000d5580000)
  object space 196608K, 99% used [0x0000000080000000,0x000000008bfd91d0,0x000000008c000000)
 Metaspace       used 118860K, capacity 125176K, committed 125208K, reserved 1157120K
  class space    used 15543K, capacity 16659K, committed 16680K, reserved 1048576K
Event: 553.142 GC heap after
Heap after GC invocations=45 (full 5):
 PSYoungGen      total 522240K, used 0K [0x00000000d5580000, 0x00000000f7e00000, 0x0000000100000000)
  eden space 488960K, 0% used [0x00000000d5580000,0x00000000d5580000,0x00000000f3300000)
  from space 33280K, 0% used [0x00000000f5d80000,0x00000000f5d80000,0x00000000f7e00000)
  to   space 38400K, 0% used [0x00000000f3300000,0x00000000f3300000,0x00000000f5880000)
 ParOldGen       total 196608K, used 94822K [0x0000000080000000, 0x000000008c000000, 0x00000000d5580000)
  object space 196608K, 48% used [0x0000000080000000,0x0000000085c999b0,0x000000008c000000)
 Metaspace       used 118767K, capacity 124960K, committed 125208K, reserved 1157120K
  class space    used 15515K, capacity 16592K, committed 16680K, reserved 1048576K
}

